\BOOKMARK [0][]{tableofcontents.0}{\376\377\000T\000a\000b\000l\000e\000\040\000o\000f\000\040\000c\000o\000n\000t\000e\000n\000t\000s}{}% 1
\BOOKMARK [0][]{section*.1}{\376\377\000I\000n\000t\000r\000o\000d\000u\000c\000t\000i\000o\000n}{}% 2
\BOOKMARK [0][]{chapter.1}{\376\377\000P\000a\000r\000t\000i\000c\000l\000e\000-\000B\000a\000s\000e\000d\000\040\000M\000e\000t\000h\000o\000d\000s}{}% 3
\BOOKMARK [1][-]{section.1.1}{\376\377\000M\000a\000s\000s\000\040\000S\000p\000r\000i\000n\000g}{chapter.1}% 4
\BOOKMARK [2][-]{subsection.1.1.1}{\376\377\000F\000o\000r\000m\000u\000l\000a\000t\000i\000o\000n}{section.1.1}% 5
\BOOKMARK [2][-]{subsection.1.1.2}{\376\377\000S\000i\000m\000u\000l\000a\000t\000i\000o\000n}{section.1.1}% 6
\BOOKMARK [2][-]{subsection.1.1.3}{\376\377\000N\000u\000m\000e\000r\000i\000c\000a\000l\000\040\000I\000n\000t\000e\000g\000r\000a\000t\000i\000o\000n}{section.1.1}% 7
\BOOKMARK [1][-]{section.1.2}{\376\377\000P\000o\000s\000i\000t\000i\000o\000n\000\040\000B\000a\000s\000e\000d\000\040\000D\000y\000n\000a\000m\000i\000c\000s}{chapter.1}% 8
\BOOKMARK [2][-]{subsection.1.2.1}{\376\377\000F\000o\000r\000m\000u\000l\000a\000t\000i\000o\000n}{section.1.2}% 9
\BOOKMARK [0][]{chapter.2}{\376\377\000S\000o\000l\000i\000d\000-\000B\000a\000s\000e\000d\000\040\000M\000e\000t\000h\000o\000d\000s}{}% 10
\BOOKMARK [1][-]{section.2.1}{\376\377\000F\000o\000r\000m\000u\000l\000a\000t\000i\000o\000n}{chapter.2}% 11
\BOOKMARK [2][-]{subsection.2.1.1}{\376\377\000D\000i\000s\000p\000l\000a\000c\000e\000m\000e\000n\000t}{section.2.1}% 12
\BOOKMARK [2][-]{subsection.2.1.2}{\376\377\000S\000t\000r\000a\000i\000n}{section.2.1}% 13
\BOOKMARK [2][-]{subsection.2.1.3}{\376\377\000S\000t\000r\000e\000s\000s}{section.2.1}% 14
\BOOKMARK [2][-]{subsection.2.1.4}{\376\377\000C\000o\000n\000s\000t\000i\000t\000u\000t\000i\000v\000e\000\040\000L\000a\000w\000s}{section.2.1}% 15
\BOOKMARK [2][-]{subsection.2.1.5}{\376\377\000S\000t\000r\000o\000n\000g\000\040\000f\000o\000r\000m\000u\000l\000a\000t\000i\000o\000n}{section.2.1}% 16
\BOOKMARK [2][-]{subsection.2.1.6}{\376\377\000W\000e\000a\000k\000\040\000f\000o\000r\000m\000u\000l\000a\000t\000i\000o\000n}{section.2.1}% 17
\BOOKMARK [2][-]{subsection.2.1.7}{\376\377\000D\000i\000s\000c\000r\000e\000t\000e\000\040\000f\000o\000r\000m\000u\000l\000a\000t\000i\000o\000n}{section.2.1}% 18
\BOOKMARK [1][-]{section.2.2}{\376\377\000F\000i\000n\000i\000t\000e\000\040\000E\000l\000e\000m\000e\000n\000t\000\040\000M\000e\000t\000h\000o\000d}{chapter.2}% 19
\BOOKMARK [2][-]{subsection.2.2.1}{\376\377\000F\000E\000M\000\040\000f\000o\000r\000\040\000S\000o\000l\000i\000d\000\040\000M\000e\000c\000h\000a\000n\000i\000c\000s}{section.2.2}% 20
\BOOKMARK [1][-]{section.2.3}{\376\377\000S\000p\000a\000r\000s\000e\000\040\000M\000a\000t\000r\000i\000x\000\040\000R\000e\000p\000r\000e\000s\000e\000n\000t\000a\000t\000i\000o\000n}{chapter.2}% 21
\BOOKMARK [1][-]{section.2.4}{\376\377\000S\000o\000l\000v\000e\000r}{chapter.2}% 22
\BOOKMARK [2][-]{subsection.2.4.1}{\376\377\000I\000m\000p\000l\000i\000c\000i\000t\000\040\000E\000u\000l\000e\000r}{section.2.4}% 23
\BOOKMARK [1][-]{section.2.5}{\376\377\000B\000o\000u\000n\000d\000a\000r\000y\000\040\000C\000o\000n\000d\000i\000t\000i\000o\000n\000s}{chapter.2}% 24
\BOOKMARK [0][]{chapter.3}{\376\377\000T\000e\000t\000r\000a\000h\000e\000d\000r\000o\000n\000\040\000F\000i\000n\000i\000t\000e\000\040\000E\000l\000e\000m\000e\000n\000t}{}% 25
\BOOKMARK [1][-]{section.3.1}{\376\377\000V\000o\000l\000u\000m\000e}{chapter.3}% 26
\BOOKMARK [1][-]{section.3.2}{\376\377\000N\000a\000t\000u\000r\000a\000l\000\040\000C\000o\000o\000r\000d\000i\000n\000a\000t\000e\000s}{chapter.3}% 27
\BOOKMARK [2][-]{subsection.3.2.1}{\376\377\000T\000r\000a\000n\000s\000f\000o\000r\000m\000a\000t\000i\000o\000n}{section.3.2}% 28
\BOOKMARK [1][-]{section.3.3}{\376\377\000D\000e\000r\000i\000v\000a\000t\000i\000v\000e\000s}{chapter.3}% 29
\BOOKMARK [1][-]{section.3.4}{\376\377\000A\000n\000a\000l\000y\000t\000i\000c\000a\000l\000\040\000I\000n\000t\000e\000g\000r\000a\000t\000i\000o\000n}{chapter.3}% 30
\BOOKMARK [1][-]{section.3.5}{\376\377\000S\000t\000i\000f\000f\000n\000e\000s\000s\000\040\000M\000a\000t\000r\000i\000x}{chapter.3}% 31
\BOOKMARK [1][-]{section.3.6}{\376\377\000F\000o\000r\000c\000e\000\040\000V\000e\000c\000t\000o\000r}{chapter.3}% 32
\BOOKMARK [2][-]{subsection.3.6.1}{\376\377\000B\000o\000d\000y\000\040\000F\000o\000r\000c\000e\000s}{section.3.6}% 33
\BOOKMARK [2][-]{subsection.3.6.2}{\376\377\000T\000r\000a\000c\000t\000i\000o\000n\000\040\000F\000o\000r\000c\000e\000s}{section.3.6}% 34
\BOOKMARK [1][-]{section.3.7}{\376\377\000M\000a\000s\000s\000\040\000M\000a\000t\000r\000i\000x}{chapter.3}% 35
\BOOKMARK [2][-]{subsection.3.7.1}{\376\377\000M\000a\000s\000s\000\040\000M\000a\000t\000r\000i\000x\000\040\000D\000i\000a\000g\000o\000n\000a\000l\000i\000z\000a\000t\000i\000o\000n}{section.3.7}% 36
\BOOKMARK [1][-]{section.3.8}{\376\377\000T\000e\000t\000r\000a\000h\000e\000d\000r\000a\000l\000i\000z\000a\000t\000i\000o\000n}{chapter.3}% 37
\BOOKMARK [0][]{chapter.4}{\376\377\000S\000o\000l\000v\000i\000n\000g\000\040\000S\000y\000s\000t\000e\000m\000\040\000o\000f\000\040\000L\000i\000n\000e\000a\000r\000\040\000E\000q\000u\000a\000t\000i\000o\000n\000s}{}% 38
\BOOKMARK [1][-]{section.4.1}{\376\377\000C\000o\000n\000j\000u\000g\000a\000t\000e\000\040\000G\000r\000a\000d\000i\000e\000n\000t}{chapter.4}% 39
\BOOKMARK [2][-]{subsection.4.1.1}{\376\377\000I\000n\000t\000r\000o\000d\000u\000c\000t\000i\000o\000n}{section.4.1}% 40
\BOOKMARK [2][-]{subsection.4.1.2}{\376\377\000Q\000u\000a\000d\000r\000a\000t\000i\000c\000\040\000F\000o\000r\000m}{section.4.1}% 41
\BOOKMARK [2][-]{subsection.4.1.3}{\376\377\000S\000t\000e\000e\000p\000e\000s\000t\000\040\000D\000e\000s\000c\000e\000n\000t}{section.4.1}% 42
\BOOKMARK [2][-]{subsection.4.1.4}{\376\377\000C\000o\000n\000j\000u\000g\000a\000t\000e\000\040\000D\000i\000r\000e\000c\000t\000i\000o\000n\000s}{section.4.1}% 43
\BOOKMARK [2][-]{subsection.4.1.5}{\376\377\000C\000o\000n\000j\000u\000g\000a\000t\000e\000\040\000G\000r\000a\000d\000i\000e\000n\000t}{section.4.1}% 44
\BOOKMARK [0][]{chapter.5}{\376\377\000I\000m\000p\000l\000e\000m\000e\000n\000t\000a\000t\000i\000o\000n}{}% 45
\BOOKMARK [1][-]{section.5.1}{\376\377\000R\000T\000F\000E\000M}{chapter.5}% 46
\BOOKMARK [2][-]{subsection.5.1.1}{\376\377\000F\000o\000l\000d\000e\000r\000\040\000S\000t\000r\000u\000c\000t\000u\000r\000e}{section.5.1}% 47
\BOOKMARK [2][-]{subsection.5.1.2}{\376\377\000E\000x\000t\000e\000r\000n\000a\000l\000\040\000L\000i\000b\000r\000a\000r\000i\000e\000s}{section.5.1}% 48
\BOOKMARK [2][-]{subsection.5.1.3}{\376\377\000A\000r\000c\000h\000i\000t\000e\000c\000t\000u\000r\000e}{section.5.1}% 49
\BOOKMARK [2][-]{subsection.5.1.4}{\376\377\000S\000o\000l\000v\000e\000r\000\040\000A\000l\000g\000o\000r\000i\000t\000h\000m\000s}{section.5.1}% 50
\BOOKMARK [1][-]{section.5.2}{\376\377\000R\000T\000F\000E\000M\000\040\000I\000n\000t\000e\000g\000r\000a\000t\000i\000o\000n\000\040\000i\000n\000t\000o\000\040\000G\000a\000m\000e\000\040\000E\000n\000g\000i\000n\000e}{chapter.5}% 51
\BOOKMARK [2][-]{subsection.5.2.1}{\376\377\000E\000d\000i\000t\000o\000r}{section.5.2}% 52
\BOOKMARK [0][]{chapter.6}{\376\377\000T\000e\000s\000t\000s}{}% 53
\BOOKMARK [1][-]{section.6.1}{\376\377\000C\000P\000U}{chapter.6}% 54
\BOOKMARK [1][-]{section.6.2}{\376\377\000G\000P\000U}{chapter.6}% 55
\BOOKMARK [0][]{chapter.7}{\376\377\000C\000o\000n\000c\000l\000u\000s\000i\000o\000n\000s}{}% 56
\BOOKMARK [1][-]{section.7.1}{\376\377\000F\000u\000r\000t\000h\000e\000r\000\040\000w\000o\000r\000k}{chapter.7}% 57
\BOOKMARK [0][]{section*.10}{\376\377\000R\000e\000f\000e\000r\000e\000n\000c\000e\000s}{}% 58
\BOOKMARK [0][]{section*.11}{\376\377\000L\000i\000s\000t\000\040\000o\000f\000\040\000s\000y\000m\000b\000o\000l\000s\000\040\000a\000n\000d\000\040\000a\000b\000b\000r\000e\000v\000i\000a\000t\000i\000o\000n\000s}{}% 59
\BOOKMARK [0][]{section*.12}{\376\377\000L\000i\000s\000t\000\040\000o\000f\000\040\000f\000i\000g\000u\000r\000e\000s}{}% 60
