\BOOKMARK [0][]{tableofcontents.0}{\376\377\000S\000p\000i\000s\000\040\000t\000r\000e\001\133\000c\000i}{}% 1
\BOOKMARK [0][]{section*.1}{\376\377\000I\000n\000t\000r\000o\000d\000u\000c\000t\000i\000o\000n}{}% 2
\BOOKMARK [0][]{chapter.1}{\376\377\000S\000o\000f\000t\000\040\000B\000o\000d\000y\000\040\000D\000y\000n\000a\000m\000i\000c\000s\000\040\000-\000\040\000O\000v\000e\000r\000v\000i\000e\000w}{}% 3
\BOOKMARK [1][-]{section.1.1}{\376\377\000M\000a\000s\000s\000\040\000S\000p\000r\000i\000n\000g}{chapter.1}% 4
\BOOKMARK [1][-]{section.1.2}{\376\377\000P\000o\000s\000i\000t\000i\000o\000n\000\040\000B\000a\000s\000e\000d\000\040\000D\000y\000n\000a\000m\000i\000c\000s}{chapter.1}% 5
\BOOKMARK [1][-]{section.1.3}{\376\377\000F\000i\000n\000i\000t\000e\000\040\000E\000l\000e\000m\000e\000n\000t\000\040\000M\000e\000t\000h\000o\000d}{chapter.1}% 6
\BOOKMARK [0][]{chapter.2}{\376\377\000F\000i\000n\000i\000t\000e\000\040\000E\000l\000e\000m\000e\000n\000t\000\040\000M\000e\000t\000h\000o\000d}{}% 7
\BOOKMARK [1][-]{section.2.1}{\376\377\000C\000o\000m\000p\000u\000t\000a\000t\000i\000o\000n\000a\000l\000\040\000M\000e\000s\000h}{chapter.2}% 8
\BOOKMARK [1][-]{section.2.2}{\376\377\000A\000s\000s\000e\000m\000b\000l\000y\000\040\000P\000r\000o\000c\000e\000s\000s}{chapter.2}% 9
\BOOKMARK [1][-]{section.2.3}{\376\377\000M\000a\000t\000e\000r\000i\000a\000l}{chapter.2}% 10
\BOOKMARK [1][-]{section.2.4}{\376\377\000B\000o\000u\000n\000d\000a\000r\000y\000\040\000C\000o\000n\000d\000i\000t\000i\000o\000n\000s}{chapter.2}% 11
\BOOKMARK [1][-]{section.2.5}{\376\377\000L\000o\000a\000d}{chapter.2}% 12
\BOOKMARK [1][-]{section.2.6}{\376\377\000S\000o\000l\000v\000e\000r}{chapter.2}% 13
\BOOKMARK [0][]{chapter.3}{\376\377\000I\000m\000p\000l\000e\000m\000e\000n\000t\000a\000t\000i\000o\000n}{}% 14
\BOOKMARK [1][-]{section.3.1}{\376\377\000C\000U\000D\000A}{chapter.3}% 15
\BOOKMARK [2][-]{subsection.3.1.1}{\376\377\000G\000P\000U\000\040\000A\000r\000c\000h\000i\000t\000e\000c\000t\000u\000r\000e}{section.3.1}% 16
\BOOKMARK [1][-]{section.3.2}{\376\377\000S\000p\000a\000r\000s\000e\000\040\000M\000a\000t\000r\000i\000x\000\040\000R\000e\000p\000r\000e\000s\000e\000n\000t\000a\000t\000i\000o\000n}{chapter.3}% 17
\BOOKMARK [1][-]{section.3.3}{\376\377\000M\000a\000t\000r\000i\000x\000\040\000V\000e\000c\000t\000o\000r\000\040\000M\000u\000l\000t\000i\000p\000l\000i\000a\000t\000i\000o\000n}{chapter.3}% 18
\BOOKMARK [1][-]{section.3.4}{\376\377\000L\000i\000n\000e\000a\000r\000\040\000S\000y\000s\000t\000e\000m\000\040\000o\000f\000\040\000E\000q\000u\000a\000t\000i\000o\000n\000s}{chapter.3}% 19
\BOOKMARK [1][-]{section.3.5}{\376\377\000R\000T\000F\000E\000M}{chapter.3}% 20
\BOOKMARK [1][-]{section.3.6}{\376\377\000R\000T\000F\000E\000M\000\040\000I\000n\000t\000e\000g\000r\000a\000t\000i\000o\000n\000\040\000i\000n\000t\000o\000\040\000G\000a\000m\000e\000\040\000E\000n\000g\000i\000n\000e}{chapter.3}% 21
\BOOKMARK [2][-]{subsection.3.6.1}{\376\377\000R\000e\000n\000d\000e\000r\000i\000n\000g}{section.3.6}% 22
\BOOKMARK [2][-]{subsection.3.6.2}{\376\377\000C\000o\000l\000l\000i\000s\000i\000o\000n}{section.3.6}% 23
\BOOKMARK [0][]{chapter.4}{\376\377\000T\000e\000s\000t\000s}{}% 24
\BOOKMARK [1][-]{section.4.1}{\376\377\000B\000e\000n\000c\000h\000m\000a\000r\000k\000s}{chapter.4}% 25
\BOOKMARK [2][-]{subsection.4.1.1}{\376\377\000F\000l\000o\000a\000t\000\040\000v\000s\000\040\000D\000o\000u\000b\000l\000e}{section.4.1}% 26
\BOOKMARK [2][-]{subsection.4.1.2}{\376\377\000M\000a\000t\000e\000r\000i\000a\000l\000s}{section.4.1}% 27
\BOOKMARK [2][-]{subsection.4.1.3}{\376\377\000S\000t\000r\000u\000c\000t\000u\000r\000e\000s}{section.4.1}% 28
\BOOKMARK [2][-]{subsection.4.1.4}{\376\377\000S\000p\000e\000e\000d}{section.4.1}% 29
\BOOKMARK [0][]{chapter.5}{\376\377\000C\000o\000n\000c\000l\000u\000s\000i\000o\000n\000s}{}% 30
\BOOKMARK [0][]{chapter.6}{\376\377\000R\000o\000z\000d\000z\000i\000a\001\102\000\040\000p\000o\000k\000a\000z\000o\000w\000y}{}% 31
\BOOKMARK [1][-]{section.6.1}{\376\377\000P\000r\000z\000y\000k\001\102\000a\000d\000o\000w\000a\000\040\000s\000e\000k\000c\000j\000a\000/\000p\000o\000d\000r\000o\000z\000d\000z\000i\000a\001\102}{chapter.6}% 32
\BOOKMARK [2][-]{subsection.6.1.1}{\376\377\000P\000o\000d\000s\000e\000k\000c\000j\000a}{section.6.1}% 33
\BOOKMARK [1][-]{section.6.2}{\376\377\000T\000a\000b\000e\000l\000e\000\040\000i\000\040\000r\000y\000s\000u\000n\000k\000i}{chapter.6}% 34
\BOOKMARK [0][]{chapter.7}{\376\377\000N\000a\000s\000t\001\031\000p\000n\000y\000\040\000r\000o\000z\000d\000z\000i\000a\001\102}{}% 35
\BOOKMARK [1][-]{section.7.1}{\376\377\000J\000a\000k\000i\001\133\000\040\000p\000o\000d\000r\000o\000z\000d\000z\000i\000a\001\102}{chapter.7}% 36
\BOOKMARK [0][]{section*.3}{\376\377\000B\000i\000b\000l\000i\000o\000g\000r\000a\000f\000i\000a}{}% 37
\BOOKMARK [0][]{section*.4}{\376\377\000W\000y\000k\000a\000z\000\040\000s\000y\000m\000b\000o\000l\000i\000\040\000i\000\040\000s\000k\000r\000\363\000t\000\363\000w}{}% 38
\BOOKMARK [0][]{section*.5}{\376\377\000S\000p\000i\000s\000\040\000r\000y\000s\000u\000n\000k\000\363\000w}{}% 39
\BOOKMARK [0][]{section*.6}{\376\377\000S\000p\000i\000s\000\040\000t\000a\000b\000e\000l}{}% 40
\BOOKMARK [0][]{section*.7}{\376\377\000S\000p\000i\000s\000\040\000z\000a\001\102\001\005\000c\000z\000n\000i\000k\000\363\000w}{}% 41
